
  Dropping all tables  4.59ms DONE

   INFO  Preparing database.  

  Creating migration table  5.67ms DONE

   INFO  Running migrations.  

  0001_01_01_000000_create_users_table  18.70ms DONE
  0001_01_01_000001_create_cache_table  8.60ms DONE
  0001_01_01_000002_create_jobs_table  11.13ms DONE
  2026_02_21_213715_clinics  8.43ms DONE
  2026_02_21_213804_pharmacies  8.54ms DONE
  2026_02_21_214211_pharmacy_staff  7.81ms DONE
  2026_02_21_214226_clinic_staff  4.07ms DONE
  2026_02_21_214237_doctors  6.06ms DONE
  2026_02_21_214254_patients  2.53ms DONE
  2026_02_21_214401_appointments  2.42ms DONE
  2026_02_21_214420_medical_records  4.58ms DONE
  2026_02_21_214443_medicines  2.91ms DONE
  2026_02_21_214527_medical_attachments  2.49ms DONE
  2026_02_21_214614_diagnoses  2.08ms DONE
  2026_02_21_214711_prescriptions  2.48ms DONE
  2026_02_21_214740_prescription_items  1.93ms DONE


   INFO  Seeding database.  


   Illuminate\Database\QueryException 

  SQLSTATE[HY000]: General error: 1 table clinic_staff has no column named updated_at (Connection: sqlite, Database: C:\Users\mrawan\Herd\NetHealth\nethealth-backend\database\database.sqlite, SQL: insert into "clinic_staff" ("clinic_id", "user_id", "staff_role", "updated_at", "created_at") values (1, 37, assistant, 2026-03-15 22:33:36, 2026-03-15 22:33:36))

  at vendor\laravel\framework\src\Illuminate\Database\Connection.php:838
    834Γûò             $exceptionType = $this->isUniqueConstraintError($e)
    835Γûò                 ? UniqueConstraintViolationException::class
    836Γûò                 : QueryException::class;
    837Γûò 
  Γ₧£ 838Γûò             throw new $exceptionType(
    839Γûò                 $this->getNameWithReadWriteType(),
    840Γûò                 $query,
    841Γûò                 $this->prepareBindings($bindings),
    842Γûò                 $e,

  1   vendor\laravel\framework\src\Illuminate\Database\Connection.php:578
      PDOException::("SQLSTATE[HY000]: General error: 1 table clinic_staff has no column named updated_at")

  2   vendor\laravel\framework\src\Illuminate\Database\Connection.php:578
      PDO::prepare("insert into "clinic_staff" ("clinic_id", "user_id", "staff_role", "updated_at", "created_at") values (?, ?, ?, ?, ?)")

